2022-03-15 11:09:18 [CONTAINER1] === STARTING CONTAINER1 ===
2022-03-15 11:09:18 [CONTAINER1] ----------- USER ID: 
2022-03-15 11:09:18 [CONTAINER1] user passed proxy logging level:  detailed
2022-03-15 11:09:18 [CONTAINER1] ----------- USER ID: 
date +"%Y-%m-%d %H:%M:%S" [CONTAINER1] user passed nginx error logging level:  warn
2022-03-15 11:09:18 [CONTAINER1] user passed app port:  8090
2022-03-15 11:09:18 [CONTAINER1] ACCESS CREDENTIALS FOUND FOR USER:  hivekeepers
2022-03-15 11:09:18 [CONTAINER1] running nginx envsubstitution template script...
2022-03-15 11:09:18 [CONTAINER1] setting up fail2ban service...
2022-03-15 11:09:18 [CONTAINER1] starting fail2ban service...
2022-03-15 11:09:19 [CONTAINER1] starting nginx proxy service...
2022-03-15 11:09:19 [CONTAINER1] tailing nginx and fail2ban service logs...
2022-03-15 11:09:19 [CONTAINER1] setting service logs tail verbosity to: detailed
2022-03-15 12:06:31 [CONTAINER1] === STARTING CONTAINER1 ===
2022-03-15 12:06:32 [CONTAINER1] ----------- USER ID:  uid=0(root) gid=0(root) groups=0(root)
2022-03-15 12:06:32 [CONTAINER1] user passed proxy logging level:  detailed
2022-03-15 12:06:32 [CONTAINER1] ----------- USER ID: 
date +"%Y-%m-%d %H:%M:%S" [CONTAINER1] user passed nginx error logging level:  warn
2022-03-15 12:06:32 [CONTAINER1] user passed app port:  8090
2022-03-15 12:06:32 [CONTAINER1] ACCESS CREDENTIALS FOUND FOR USER:  hivekeepers
2022-03-15 12:06:32 [CONTAINER1] running nginx envsubstitution template script...
2022-03-15 12:06:32 [CONTAINER1] setting up fail2ban service...
2022-03-15 12:06:32 [CONTAINER1] starting fail2ban service...
2022-03-15 12:06:33 [CONTAINER1] starting nginx proxy service...
2022-03-15 12:06:33 [CONTAINER1] tailing nginx and fail2ban service logs...
2022-03-15 12:06:33 [CONTAINER1] setting service logs tail verbosity to: detailed
2022-03-15 23:20:19 [CONTAINER1] === STARTING CONTAINER1 ===
2022-03-15 23:20:19 [CONTAINER1] ----------- USER ID:  uid=0(root) gid=0(root) groups=0(root)
2022-03-15 23:20:19 [CONTAINER1] user passed proxy logging level:  detailed
2022-03-15 23:20:19 [CONTAINER1] ----------- USER ID: 
date +"%Y-%m-%d %H:%M:%S" [CONTAINER1] user passed nginx error logging level:  warn
2022-03-15 23:20:19 [CONTAINER1] user passed app port:  8090
2022-03-15 23:20:19 [CONTAINER1] ACCESS CREDENTIALS FOUND FOR USER:  hivekeepers
2022-03-15 23:20:19 [CONTAINER1] running nginx envsubstitution template script...
2022-03-15 23:20:19 [CONTAINER1] setting up fail2ban service...
2022-03-15 23:20:19 [CONTAINER1] starting fail2ban service...
2022-03-15 23:20:20 [CONTAINER1] starting nginx proxy service...
2022-03-15 23:20:20 [CONTAINER1] tailing nginx and fail2ban service logs...
2022-03-15 23:20:20 [CONTAINER1] setting service logs tail verbosity to: detailed
2022-03-15 23:48:00 [CONTAINER1] === STARTING CONTAINER1 ===
2022-03-15 23:48:00 [CONTAINER1] ----------- USER ID:  uid=0(root) gid=0(root) groups=0(root)
2022-03-15 23:48:00 [CONTAINER1] user passed proxy logging level:  detailed
2022-03-15 23:48:00 [CONTAINER1] ----------- USER ID: 
date +"%Y-%m-%d %H:%M:%S" [CONTAINER1] user passed nginx error logging level:  warn
2022-03-15 23:48:00 [CONTAINER1] user passed app port:  8090
2022-03-15 23:48:00 [CONTAINER1] ACCESS CREDENTIALS FOUND FOR USER:  hivekeepers
2022-03-15 23:48:00 [CONTAINER1] running nginx envsubstitution template script...
2022-03-15 23:48:00 [CONTAINER1] setting up fail2ban service...
2022-03-15 23:48:00 [CONTAINER1] starting fail2ban service...
2022-03-15 23:48:01 [CONTAINER1] === STARTING CONTAINER1 ===
2022-03-15 23:48:01 [CONTAINER1] ----------- USER ID:  uid=0(root) gid=0(root) groups=0(root)
2022-03-15 23:48:01 [CONTAINER1] user passed proxy logging level:  detailed
2022-03-15 23:48:01 [CONTAINER1] ----------- USER ID: 
date +"%Y-%m-%d %H:%M:%S" [CONTAINER1] user passed nginx error logging level:  warn
2022-03-15 23:48:01 [CONTAINER1] user passed app port:  8090
2022-03-15 23:48:01 [CONTAINER1] ACCESS CREDENTIALS FOUND FOR USER:  hivekeepers
2022-03-15 23:48:01 [CONTAINER1] running nginx envsubstitution template script...
2022-03-15 23:48:01 [CONTAINER1] setting up fail2ban service...
2022-03-15 23:48:01 [CONTAINER1] starting fail2ban service...
2022-03-15 23:48:01 [CONTAINER1] === STARTING CONTAINER1 ===
2022-03-15 23:48:01 [CONTAINER1] ----------- USER ID:  uid=0(root) gid=0(root) groups=0(root)
2022-03-15 23:48:01 [CONTAINER1] user passed proxy logging level:  detailed
2022-03-15 23:48:01 [CONTAINER1] ----------- USER ID: 
date +"%Y-%m-%d %H:%M:%S" [CONTAINER1] user passed nginx error logging level:  warn
2022-03-15 23:48:01 [CONTAINER1] user passed app port:  8090
2022-03-15 23:48:01 [CONTAINER1] ACCESS CREDENTIALS FOUND FOR USER:  hivekeepers
2022-03-15 23:48:01 [CONTAINER1] running nginx envsubstitution template script...
2022-03-15 23:48:01 [CONTAINER1] setting up fail2ban service...
2022-03-15 23:48:01 [CONTAINER1] starting fail2ban service...
2022-03-15 23:48:02 [CONTAINER1] === STARTING CONTAINER1 ===
2022-03-15 23:48:02 [CONTAINER1] ----------- USER ID:  uid=0(root) gid=0(root) groups=0(root)
2022-03-15 23:48:02 [CONTAINER1] user passed proxy logging level:  detailed
2022-03-15 23:48:02 [CONTAINER1] ----------- USER ID: 
date +"%Y-%m-%d %H:%M:%S" [CONTAINER1] user passed nginx error logging level:  warn
2022-03-15 23:48:02 [CONTAINER1] user passed app port:  8090
2022-03-15 23:48:02 [CONTAINER1] ACCESS CREDENTIALS FOUND FOR USER:  hivekeepers
2022-03-15 23:48:02 [CONTAINER1] running nginx envsubstitution template script...
2022-03-15 23:48:02 [CONTAINER1] setting up fail2ban service...
2022-03-15 23:48:02 [CONTAINER1] starting fail2ban service...
2022-03-15 23:48:03 [CONTAINER1] === STARTING CONTAINER1 ===
2022-03-15 23:48:03 [CONTAINER1] ----------- USER ID:  uid=0(root) gid=0(root) groups=0(root)
2022-03-15 23:48:03 [CONTAINER1] user passed proxy logging level:  detailed
2022-03-15 23:48:03 [CONTAINER1] ----------- USER ID: 
date +"%Y-%m-%d %H:%M:%S" [CONTAINER1] user passed nginx error logging level:  warn
2022-03-15 23:48:03 [CONTAINER1] user passed app port:  8090
2022-03-15 23:48:03 [CONTAINER1] ACCESS CREDENTIALS FOUND FOR USER:  hivekeepers
2022-03-15 23:48:03 [CONTAINER1] running nginx envsubstitution template script...
2022-03-15 23:48:03 [CONTAINER1] setting up fail2ban service...
2022-03-15 23:48:03 [CONTAINER1] starting fail2ban service...
2022-03-15 23:48:05 [CONTAINER1] === STARTING CONTAINER1 ===
2022-03-15 23:48:05 [CONTAINER1] ----------- USER ID:  uid=0(root) gid=0(root) groups=0(root)
2022-03-15 23:48:05 [CONTAINER1] user passed proxy logging level:  detailed
2022-03-15 23:48:05 [CONTAINER1] ----------- USER ID: 
date +"%Y-%m-%d %H:%M:%S" [CONTAINER1] user passed nginx error logging level:  warn
2022-03-15 23:48:05 [CONTAINER1] user passed app port:  8090
2022-03-15 23:48:05 [CONTAINER1] ACCESS CREDENTIALS FOUND FOR USER:  hivekeepers
2022-03-15 23:48:05 [CONTAINER1] running nginx envsubstitution template script...
2022-03-15 23:48:05 [CONTAINER1] setting up fail2ban service...
2022-03-15 23:48:05 [CONTAINER1] starting fail2ban service...
2022-03-15 23:48:09 [CONTAINER1] === STARTING CONTAINER1 ===
2022-03-15 23:48:09 [CONTAINER1] ----------- USER ID:  uid=0(root) gid=0(root) groups=0(root)
2022-03-15 23:48:09 [CONTAINER1] user passed proxy logging level:  detailed
2022-03-15 23:48:09 [CONTAINER1] ----------- USER ID: 
date +"%Y-%m-%d %H:%M:%S" [CONTAINER1] user passed nginx error logging level:  warn
2022-03-15 23:48:09 [CONTAINER1] user passed app port:  8090
2022-03-15 23:48:09 [CONTAINER1] ACCESS CREDENTIALS FOUND FOR USER:  hivekeepers
2022-03-15 23:48:09 [CONTAINER1] running nginx envsubstitution template script...
2022-03-15 23:48:09 [CONTAINER1] setting up fail2ban service...
2022-03-15 23:48:09 [CONTAINER1] starting fail2ban service...
2022-03-15 23:48:16 [CONTAINER1] === STARTING CONTAINER1 ===
2022-03-15 23:48:16 [CONTAINER1] ----------- USER ID:  uid=0(root) gid=0(root) groups=0(root)
2022-03-15 23:48:16 [CONTAINER1] user passed proxy logging level:  detailed
2022-03-15 23:48:16 [CONTAINER1] ----------- USER ID: 
date +"%Y-%m-%d %H:%M:%S" [CONTAINER1] user passed nginx error logging level:  warn
2022-03-15 23:48:16 [CONTAINER1] user passed app port:  8090
2022-03-15 23:48:16 [CONTAINER1] ACCESS CREDENTIALS FOUND FOR USER:  hivekeepers
2022-03-15 23:48:16 [CONTAINER1] running nginx envsubstitution template script...
2022-03-15 23:48:16 [CONTAINER1] setting up fail2ban service...
2022-03-15 23:48:16 [CONTAINER1] starting fail2ban service...
2022-03-15 23:48:29 [CONTAINER1] === STARTING CONTAINER1 ===
2022-03-15 23:48:29 [CONTAINER1] ----------- USER ID:  uid=0(root) gid=0(root) groups=0(root)
2022-03-15 23:48:29 [CONTAINER1] user passed proxy logging level:  detailed
2022-03-15 23:48:29 [CONTAINER1] ----------- USER ID: 
date +"%Y-%m-%d %H:%M:%S" [CONTAINER1] user passed nginx error logging level:  warn
2022-03-15 23:48:29 [CONTAINER1] user passed app port:  8090
2022-03-15 23:48:29 [CONTAINER1] ACCESS CREDENTIALS FOUND FOR USER:  hivekeepers
2022-03-15 23:48:29 [CONTAINER1] running nginx envsubstitution template script...
2022-03-15 23:48:29 [CONTAINER1] setting up fail2ban service...
2022-03-15 23:48:29 [CONTAINER1] starting fail2ban service...
2022-03-15 23:49:13 [CONTAINER1] === STARTING CONTAINER1 ===
2022-03-15 23:49:13 [CONTAINER1] ----------- USER ID:  uid=0(root) gid=0(root) groups=0(root)
2022-03-15 23:49:13 [CONTAINER1] user passed proxy logging level:  detailed
2022-03-15 23:49:13 [CONTAINER1] ----------- USER ID: 
date +"%Y-%m-%d %H:%M:%S" [CONTAINER1] user passed nginx error logging level:  warn
2022-03-15 23:49:13 [CONTAINER1] user passed app port:  8090
2022-03-15 23:49:13 [CONTAINER1] ACCESS CREDENTIALS FOUND FOR USER:  hivekeepers
2022-03-15 23:49:13 [CONTAINER1] running nginx envsubstitution template script...
2022-03-15 23:49:13 [CONTAINER1] setting up fail2ban service...
2022-03-15 23:49:13 [CONTAINER1] starting fail2ban service...
2022-03-15 23:49:14 [CONTAINER1] === STARTING CONTAINER1 ===
2022-03-15 23:49:14 [CONTAINER1] ----------- USER ID:  uid=0(root) gid=0(root) groups=0(root)
2022-03-15 23:49:14 [CONTAINER1] user passed proxy logging level:  detailed
2022-03-15 23:49:14 [CONTAINER1] ----------- USER ID: 
date +"%Y-%m-%d %H:%M:%S" [CONTAINER1] user passed nginx error logging level:  warn
2022-03-15 23:49:14 [CONTAINER1] user passed app port:  8090
2022-03-15 23:49:14 [CONTAINER1] ACCESS CREDENTIALS FOUND FOR USER:  hivekeepers
2022-03-15 23:49:14 [CONTAINER1] running nginx envsubstitution template script...
2022-03-15 23:49:14 [CONTAINER1] setting up fail2ban service...
2022-03-15 23:49:14 [CONTAINER1] starting fail2ban service...
2022-03-15 23:49:14 [CONTAINER1] === STARTING CONTAINER1 ===
2022-03-15 23:49:14 [CONTAINER1] ----------- USER ID:  uid=0(root) gid=0(root) groups=0(root)
2022-03-15 23:49:14 [CONTAINER1] user passed proxy logging level:  detailed
2022-03-15 23:49:14 [CONTAINER1] ----------- USER ID: 
date +"%Y-%m-%d %H:%M:%S" [CONTAINER1] user passed nginx error logging level:  warn
2022-03-15 23:49:14 [CONTAINER1] user passed app port:  8090
2022-03-15 23:49:14 [CONTAINER1] ACCESS CREDENTIALS FOUND FOR USER:  hivekeepers
2022-03-15 23:49:14 [CONTAINER1] running nginx envsubstitution template script...
2022-03-15 23:49:14 [CONTAINER1] setting up fail2ban service...
2022-03-15 23:49:14 [CONTAINER1] starting fail2ban service...
2022-03-15 23:49:15 [CONTAINER1] === STARTING CONTAINER1 ===
2022-03-15 23:49:15 [CONTAINER1] ----------- USER ID:  uid=0(root) gid=0(root) groups=0(root)
2022-03-15 23:49:15 [CONTAINER1] user passed proxy logging level:  detailed
2022-03-15 23:49:15 [CONTAINER1] ----------- USER ID: 
date +"%Y-%m-%d %H:%M:%S" [CONTAINER1] user passed nginx error logging level:  warn
2022-03-15 23:49:15 [CONTAINER1] user passed app port:  8090
2022-03-15 23:49:15 [CONTAINER1] ACCESS CREDENTIALS FOUND FOR USER:  hivekeepers
2022-03-15 23:49:15 [CONTAINER1] running nginx envsubstitution template script...
2022-03-15 23:49:15 [CONTAINER1] setting up fail2ban service...
2022-03-15 23:49:15 [CONTAINER1] starting fail2ban service...
2022-03-15 23:49:16 [CONTAINER1] === STARTING CONTAINER1 ===
2022-03-15 23:49:16 [CONTAINER1] ----------- USER ID:  uid=0(root) gid=0(root) groups=0(root)
2022-03-15 23:49:16 [CONTAINER1] user passed proxy logging level:  detailed
2022-03-15 23:49:16 [CONTAINER1] ----------- USER ID: 
date +"%Y-%m-%d %H:%M:%S" [CONTAINER1] user passed nginx error logging level:  warn
2022-03-15 23:49:16 [CONTAINER1] user passed app port:  8090
2022-03-15 23:49:16 [CONTAINER1] ACCESS CREDENTIALS FOUND FOR USER:  hivekeepers
2022-03-15 23:49:16 [CONTAINER1] running nginx envsubstitution template script...
2022-03-15 23:49:16 [CONTAINER1] setting up fail2ban service...
2022-03-15 23:49:16 [CONTAINER1] starting fail2ban service...
2022-03-15 23:49:18 [CONTAINER1] === STARTING CONTAINER1 ===
2022-03-15 23:49:18 [CONTAINER1] ----------- USER ID:  uid=0(root) gid=0(root) groups=0(root)
2022-03-15 23:49:18 [CONTAINER1] user passed proxy logging level:  detailed
2022-03-15 23:49:18 [CONTAINER1] ----------- USER ID: 
date +"%Y-%m-%d %H:%M:%S" [CONTAINER1] user passed nginx error logging level:  warn
2022-03-15 23:49:18 [CONTAINER1] user passed app port:  8090
2022-03-15 23:49:18 [CONTAINER1] ACCESS CREDENTIALS FOUND FOR USER:  hivekeepers
2022-03-15 23:49:18 [CONTAINER1] running nginx envsubstitution template script...
2022-03-15 23:49:18 [CONTAINER1] setting up fail2ban service...
2022-03-15 23:49:18 [CONTAINER1] starting fail2ban service...
2022-03-15 23:49:22 [CONTAINER1] === STARTING CONTAINER1 ===
2022-03-15 23:49:22 [CONTAINER1] ----------- USER ID:  uid=0(root) gid=0(root) groups=0(root)
2022-03-15 23:49:22 [CONTAINER1] user passed proxy logging level:  detailed
2022-03-15 23:49:22 [CONTAINER1] ----------- USER ID: 
date +"%Y-%m-%d %H:%M:%S" [CONTAINER1] user passed nginx error logging level:  warn
2022-03-15 23:49:22 [CONTAINER1] user passed app port:  8090
2022-03-15 23:49:22 [CONTAINER1] ACCESS CREDENTIALS FOUND FOR USER:  hivekeepers
2022-03-15 23:49:22 [CONTAINER1] running nginx envsubstitution template script...
2022-03-15 23:49:22 [CONTAINER1] setting up fail2ban service...
2022-03-15 23:49:22 [CONTAINER1] starting fail2ban service...
2022-03-15 23:49:39 [CONTAINER1] === STARTING CONTAINER1 ===
2022-03-15 23:49:39 [CONTAINER1] ----------- USER ID:  uid=0(root) gid=0(root) groups=0(root)
2022-03-15 23:49:39 [CONTAINER1] user passed proxy logging level:  detailed
2022-03-15 23:49:39 [CONTAINER1] ----------- USER ID: 
date +"%Y-%m-%d %H:%M:%S" [CONTAINER1] user passed nginx error logging level:  warn
2022-03-15 23:49:39 [CONTAINER1] user passed app port:  8090
2022-03-15 23:49:39 [CONTAINER1] ACCESS CREDENTIALS FOUND FOR USER:  hivekeepers
2022-03-15 23:49:39 [CONTAINER1] running nginx envsubstitution template script...
2022-03-15 23:49:39 [CONTAINER1] setting up fail2ban service...
2022-03-15 23:49:39 [CONTAINER1] starting fail2ban service...
2022-03-15 23:49:40 [CONTAINER1] === STARTING CONTAINER1 ===
2022-03-15 23:49:40 [CONTAINER1] ----------- USER ID:  uid=0(root) gid=0(root) groups=0(root)
2022-03-15 23:49:40 [CONTAINER1] user passed proxy logging level:  detailed
2022-03-15 23:49:40 [CONTAINER1] ----------- USER ID: 
date +"%Y-%m-%d %H:%M:%S" [CONTAINER1] user passed nginx error logging level:  warn
2022-03-15 23:49:40 [CONTAINER1] user passed app port:  8090
2022-03-15 23:49:40 [CONTAINER1] ACCESS CREDENTIALS FOUND FOR USER:  hivekeepers
2022-03-15 23:49:40 [CONTAINER1] running nginx envsubstitution template script...
2022-03-15 23:49:40 [CONTAINER1] setting up fail2ban service...
2022-03-15 23:49:40 [CONTAINER1] starting fail2ban service...
2022-03-15 23:49:40 [CONTAINER1] === STARTING CONTAINER1 ===
2022-03-15 23:49:40 [CONTAINER1] ----------- USER ID:  uid=0(root) gid=0(root) groups=0(root)
2022-03-15 23:49:40 [CONTAINER1] user passed proxy logging level:  detailed
2022-03-15 23:49:40 [CONTAINER1] ----------- USER ID: 
date +"%Y-%m-%d %H:%M:%S" [CONTAINER1] user passed nginx error logging level:  warn
2022-03-15 23:49:40 [CONTAINER1] user passed app port:  8090
2022-03-15 23:49:40 [CONTAINER1] ACCESS CREDENTIALS FOUND FOR USER:  hivekeepers
2022-03-15 23:49:40 [CONTAINER1] running nginx envsubstitution template script...
2022-03-15 23:49:40 [CONTAINER1] setting up fail2ban service...
2022-03-15 23:49:40 [CONTAINER1] starting fail2ban service...
2022-03-15 23:49:41 [CONTAINER1] === STARTING CONTAINER1 ===
2022-03-15 23:49:41 [CONTAINER1] ----------- USER ID:  uid=0(root) gid=0(root) groups=0(root)
2022-03-15 23:49:41 [CONTAINER1] user passed proxy logging level:  detailed
2022-03-15 23:49:41 [CONTAINER1] ----------- USER ID: 
date +"%Y-%m-%d %H:%M:%S" [CONTAINER1] user passed nginx error logging level:  warn
2022-03-15 23:49:41 [CONTAINER1] user passed app port:  8090
2022-03-15 23:49:41 [CONTAINER1] ACCESS CREDENTIALS FOUND FOR USER:  hivekeepers
2022-03-15 23:49:41 [CONTAINER1] running nginx envsubstitution template script...
2022-03-15 23:49:41 [CONTAINER1] setting up fail2ban service...
2022-03-15 23:49:41 [CONTAINER1] starting fail2ban service...
2022-03-15 23:50:23 [CONTAINER1] === STARTING CONTAINER1 ===
2022-03-15 23:50:23 [CONTAINER1] ----------- USER ID:  uid=0(root) gid=0(root) groups=0(root)
2022-03-15 23:50:23 [CONTAINER1] user passed proxy logging level:  detailed
2022-03-15 23:50:23 [CONTAINER1] ----------- USER ID: 
date +"%Y-%m-%d %H:%M:%S" [CONTAINER1] user passed nginx error logging level:  warn
2022-03-15 23:50:23 [CONTAINER1] user passed app port:  8090
2022-03-15 23:50:23 [CONTAINER1] ACCESS CREDENTIALS FOUND FOR USER:  hivekeepers
2022-03-15 23:50:23 [CONTAINER1] running nginx envsubstitution template script...
2022-03-15 23:50:23 [CONTAINER1] setting up fail2ban service...
2022-03-15 23:50:23 [CONTAINER1] starting fail2ban service...
2022-03-15 23:50:23 [CONTAINER1] starting nginx proxy service...
2022-03-15 23:50:23 [CONTAINER1] starting Monit monitoring service...
2022-03-15 23:50:23 [CONTAINER1] tailing nginx and fail2ban service logs...
2022-03-15 23:50:23 [CONTAINER1] setting service logs tail verbosity to: detailed
2022-03-16 00:10:02 [CONTAINER1] === STARTING CONTAINER1 ===
2022-03-16 00:10:02 [CONTAINER1] ----------- USER ID:  uid=0(root) gid=0(root) groups=0(root)
2022-03-16 00:10:02 [CONTAINER1] user passed proxy logging level:  detailed
2022-03-16 00:10:02 [CONTAINER1] ----------- USER ID: 
date +"%Y-%m-%d %H:%M:%S" [CONTAINER1] user passed nginx error logging level:  warn
2022-03-16 00:10:02 [CONTAINER1] user passed app port:  8090
2022-03-16 00:10:02 [CONTAINER1] ACCESS CREDENTIALS FOUND FOR USER:  hivekeepers
2022-03-16 00:10:02 [CONTAINER1] running nginx envsubstitution template script...
2022-03-16 00:10:02 [CONTAINER1] setting up fail2ban service...
2022-03-16 00:10:02 [CONTAINER1] starting fail2ban service...
2022-03-16 00:10:03 [CONTAINER1] starting nginx proxy service...
2022-03-16 00:10:03 [CONTAINER1] starting Monit monitoring service...
2022-03-16 00:10:03 [CONTAINER1] tailing nginx and fail2ban service logs...
2022-03-16 00:10:03 [CONTAINER1] setting service logs tail verbosity to: detailed
2022-03-16 00:13:13 [CONTAINER1] === STARTING CONTAINER1 ===
2022-03-16 00:13:13 [CONTAINER1] ----------- USER ID:  uid=0(root) gid=0(root) groups=0(root)
2022-03-16 00:13:13 [CONTAINER1] user passed proxy logging level:  detailed
2022-03-16 00:13:13 [CONTAINER1] ----------- USER ID: 
date +"%Y-%m-%d %H:%M:%S" [CONTAINER1] user passed nginx error logging level:  warn
2022-03-16 00:13:13 [CONTAINER1] user passed app port:  8090
2022-03-16 00:13:13 [CONTAINER1] ACCESS CREDENTIALS FOUND FOR USER:  hivekeepers
2022-03-16 00:13:13 [CONTAINER1] running nginx envsubstitution template script...
2022-03-16 00:13:13 [CONTAINER1] setting up fail2ban service...
2022-03-16 00:13:13 [CONTAINER1] starting fail2ban service...
2022-03-16 00:13:14 [CONTAINER1] starting nginx proxy service...
2022-03-16 00:13:14 [CONTAINER1] starting Monit monitoring service...
2022-03-16 00:13:14 [CONTAINER1] tailing nginx and fail2ban service logs...
2022-03-16 00:13:14 [CONTAINER1] setting service logs tail verbosity to: detailed
2022-03-16 00:17:29 [CONTAINER1] === STARTING CONTAINER1 ===
2022-03-16 00:17:29 [CONTAINER1] ----------- USER ID:  uid=0(root) gid=0(root) groups=0(root)
2022-03-16 00:17:29 [CONTAINER1] user passed proxy logging level:  detailed
(date +"%Y-%m-%d %H:%M:%S)" [CONTAINER1] user passed nginx error logging level:  warn
2022-03-16 00:17:29 [CONTAINER1] user passed app port:  8090
2022-03-16 00:17:29 [CONTAINER1] ACCESS CREDENTIALS FOUND FOR USER:  hivekeepers
2022-03-16 00:17:29 [CONTAINER1] running nginx envsubstitution template script...
2022-03-16 00:17:29 [CONTAINER1] setting up fail2ban service...
2022-03-16 00:17:29 [CONTAINER1] starting fail2ban service...
2022-03-16 00:17:31 [CONTAINER1] starting nginx proxy service...
2022-03-16 00:17:31 [CONTAINER1] starting Monit monitoring service...
2022-03-16 00:17:31 [CONTAINER1] tailing nginx and fail2ban service logs...
2022-03-16 00:17:31 [CONTAINER1] setting service logs tail verbosity to: detailed
2022-03-16 00:18:35 [CONTAINER1] === STARTING CONTAINER1 ===
2022-03-16 00:18:35 [CONTAINER1] ----------- USER ID:  uid=0(root) gid=0(root) groups=0(root)
2022-03-16 00:18:35 [CONTAINER1] user passed proxy logging level:  detailed
(date +"%Y-%m-%d %H:%M:%S)" [CONTAINER1] user passed nginx error logging level:  warn
2022-03-16 00:18:35 [CONTAINER1] user passed app port:  8090
2022-03-16 00:18:35 [CONTAINER1] ACCESS CREDENTIALS FOUND FOR USER:  hivekeepers
2022-03-16 00:18:35 [CONTAINER1] running nginx envsubstitution template script...
2022-03-16 00:18:35 [CONTAINER1] setting up fail2ban service...
2022-03-16 00:18:35 [CONTAINER1] starting fail2ban service...
2022-03-16 00:18:37 [CONTAINER1] starting nginx proxy service...
2022-03-16 00:18:37 [CONTAINER1] starting Monit monitoring service...
2022-03-16 00:18:37 [CONTAINER1] tailing nginx and fail2ban service logs...
2022-03-16 00:18:37 [CONTAINER1] setting service logs tail verbosity to: detailed
2022-03-16 00:19:05 [CONTAINER1] === STARTING CONTAINER1 ===
2022-03-16 00:19:05 [CONTAINER1] ----------- USER ID:  uid=0(root) gid=0(root) groups=0(root)
2022-03-16 00:19:05 [CONTAINER1] user passed proxy logging level:  detailed
(date +"%Y-%m-%d %H:%M:%S)" [CONTAINER1] user passed nginx error logging level:  warn
2022-03-16 00:19:05 [CONTAINER1] user passed app port:  8090
2022-03-16 00:19:05 [CONTAINER1] ACCESS CREDENTIALS FOUND FOR USER:  hivekeepers
2022-03-16 00:19:05 [CONTAINER1] running nginx envsubstitution template script...
2022-03-16 00:19:05 [CONTAINER1] setting up fail2ban service...
2022-03-16 00:19:05 [CONTAINER1] starting fail2ban service...
2022-03-16 00:19:06 [CONTAINER1] starting nginx proxy service...
2022-03-16 00:19:06 [CONTAINER1] starting Monit monitoring service...
2022-03-16 00:19:06 [CONTAINER1] tailing nginx and fail2ban service logs...
2022-03-16 00:19:06 [CONTAINER1] setting service logs tail verbosity to: detailed
2022-03-16 00:43:29 [CONTAINER1] === STARTING CONTAINER1 ===
2022-03-16 00:43:29 [CONTAINER1] ----------- USER ID:  uid=0(root) gid=0(root) groups=0(root)
2022-03-16 00:43:29 [CONTAINER1] user passed proxy logging level:  detailed
(date +"%Y-%m-%d %H:%M:%S)" [CONTAINER1] user passed nginx error logging level:  warn
2022-03-16 00:43:29 [CONTAINER1] user passed app port:  8090
2022-03-16 00:43:29 [CONTAINER1] ACCESS CREDENTIALS FOUND FOR USER:  hivekeepers
2022-03-16 00:43:29 [CONTAINER1] running nginx envsubstitution template script...
2022-03-16 00:43:29 [CONTAINER1] setting up fail2ban service...
2022-03-16 00:43:29 [CONTAINER1] starting fail2ban service...
2022-03-16 00:43:30 [CONTAINER1] starting nginx proxy service...
2022-03-16 00:43:30 [CONTAINER1] starting Monit monitoring service...
2022-03-16 00:43:30 [CONTAINER1] tailing nginx and fail2ban service logs...
2022-03-16 00:43:30 [CONTAINER1] setting service logs tail verbosity to: detailed
2022-03-16 00:52:33 [CONTAINER1] === STARTING CONTAINER1 ===
2022-03-16 00:52:33 [CONTAINER1] ----------- USER ID:  uid=0(root) gid=0(root) groups=0(root)
2022-03-16 00:52:33 [CONTAINER1] user passed proxy logging level:  detailed
(date +"%Y-%m-%d %H:%M:%S)" [CONTAINER1] user passed nginx error logging level:  warn
2022-03-16 00:52:33 [CONTAINER1] user passed app port:  8090
2022-03-16 00:52:33 [CONTAINER1] ACCESS CREDENTIALS FOUND FOR USER:  hivekeepers
2022-03-16 00:52:33 [CONTAINER1] running nginx envsubstitution template script...
2022-03-16 00:52:33 [CONTAINER1] setting up fail2ban service...
2022-03-16 00:52:33 [CONTAINER1] starting fail2ban service...
2022-03-16 00:52:34 [CONTAINER1] starting nginx proxy service...
2022-03-16 00:52:34 [CONTAINER1] starting Monit monitoring service...
2022-03-16 00:52:34 [CONTAINER1] tailing nginx and fail2ban service logs...
2022-03-16 00:52:34 [CONTAINER1] setting service logs tail verbosity to: detailed
