2022-03-16 12:57:53,395 fail2ban.server         [82]: INFO    --------------------------------------------------
2022-03-16 12:57:53,395 fail2ban.server         [82]: INFO    Starting Fail2ban v0.11.2
2022-03-16 12:57:53,395 fail2ban.server         [82]: INFO    Daemon started
2022-03-16 12:57:53,395 fail2ban.observer       [82]: INFO    Observer start...
2022-03-16 12:57:53,792 fail2ban.database       [82]: INFO    Connected to fail2ban persistent database '/var/lib/fail2ban/fail2ban.sqlite3'
2022-03-16 12:57:53,793 fail2ban.jail           [82]: INFO    Creating new jail 'nginx-http-auth'
2022-03-16 12:57:53,794 fail2ban.jail           [82]: INFO    Jail 'nginx-http-auth' uses poller {}
2022-03-16 12:57:53,794 fail2ban.jail           [82]: INFO    Initiated 'polling' backend
2022-03-16 12:57:53,798 fail2ban.filter         [82]: INFO      maxRetry: 5
2022-03-16 12:57:53,798 fail2ban.filter         [82]: INFO      findtime: 600
2022-03-16 12:57:53,798 fail2ban.actions        [82]: INFO      banTime: 600
2022-03-16 12:57:53,798 fail2ban.filter         [82]: INFO      encoding: UTF-8
2022-03-16 12:57:53,798 fail2ban.filter         [82]: INFO    Added logfile: '/home/hivekeeper/logs/nginx-error.log' (pos = 0, hash = da39a3ee5e6b4b0d3255bfef95601890afd80709)
2022-03-16 12:57:53,799 fail2ban.jail           [82]: INFO    Jail 'nginx-http-auth' started
2022-03-16 15:13:03,200 fail2ban.server         [81]: INFO    --------------------------------------------------
2022-03-16 15:13:03,200 fail2ban.server         [81]: INFO    Starting Fail2ban v0.11.2
2022-03-16 15:13:03,200 fail2ban.server         [81]: INFO    Daemon started
2022-03-16 15:13:03,201 fail2ban.observer       [81]: INFO    Observer start...
2022-03-16 15:13:03,596 fail2ban.database       [81]: INFO    Connected to fail2ban persistent database '/var/lib/fail2ban/fail2ban.sqlite3'
2022-03-16 15:13:03,598 fail2ban.database       [81]: WARNING New database created. Version '4'
2022-03-16 15:13:03,598 fail2ban.jail           [81]: INFO    Creating new jail 'nginx-http-auth'
2022-03-16 15:13:03,599 fail2ban.jail           [81]: INFO    Jail 'nginx-http-auth' uses poller {}
2022-03-16 15:13:03,599 fail2ban.jail           [81]: INFO    Initiated 'polling' backend
2022-03-16 15:13:03,602 fail2ban.filter         [81]: INFO      maxRetry: 5
2022-03-16 15:13:03,602 fail2ban.filter         [81]: INFO      findtime: 600
2022-03-16 15:13:03,602 fail2ban.actions        [81]: INFO      banTime: 600
2022-03-16 15:13:03,602 fail2ban.filter         [81]: INFO      encoding: UTF-8
2022-03-16 15:13:03,603 fail2ban.filter         [81]: INFO    Added logfile: '/home/hivekeeper/logs/nginx-error.log' (pos = 0, hash = b8342b1997352c55f1edc0a8b00bbc48420612ff)
2022-03-16 15:13:03,604 fail2ban.jail           [81]: INFO    Jail 'nginx-http-auth' started
2022-03-16 15:19:41,339 fail2ban.transmitter    [81]: WARNING Command ['nginx-https-status'] has failed. Received Exception('Invalid command')
2022-03-16 15:19:50,619 fail2ban.transmitter    [81]: WARNING Command ['nginx-https-auth', 'status'] has failed. Received Exception('Invalid command')
2022-03-16 15:20:04,467 fail2ban.transmitter    [81]: WARNING Command ['nginx-http-auth', 'status'] has failed. Received Exception('Invalid command')
2022-03-16 15:22:32,097 fail2ban.server         [82]: INFO    --------------------------------------------------
2022-03-16 15:22:32,097 fail2ban.server         [82]: INFO    Starting Fail2ban v0.11.2
2022-03-16 15:22:32,097 fail2ban.server         [82]: INFO    Daemon started
2022-03-16 15:22:32,098 fail2ban.observer       [82]: INFO    Observer start...
2022-03-16 15:22:32,496 fail2ban.database       [82]: INFO    Connected to fail2ban persistent database '/var/lib/fail2ban/fail2ban.sqlite3'
2022-03-16 15:22:32,497 fail2ban.jail           [82]: INFO    Creating new jail 'nginx-http-auth'
2022-03-16 15:22:32,497 fail2ban.jail           [82]: INFO    Jail 'nginx-http-auth' uses poller {}
2022-03-16 15:22:32,498 fail2ban.jail           [82]: INFO    Initiated 'polling' backend
2022-03-16 15:22:32,501 fail2ban.filter         [82]: INFO      maxRetry: 5
2022-03-16 15:22:32,501 fail2ban.filter         [82]: INFO      findtime: 600
2022-03-16 15:22:32,501 fail2ban.actions        [82]: INFO      banTime: 600
2022-03-16 15:22:32,501 fail2ban.filter         [82]: INFO      encoding: UTF-8
2022-03-16 15:22:32,501 fail2ban.filter         [82]: INFO    Added logfile: '/home/hivekeeper/logs/nginx-error.log' (pos = 1157, hash = b8342b1997352c55f1edc0a8b00bbc48420612ff)
2022-03-16 15:22:32,502 fail2ban.jail           [82]: INFO    Jail 'nginx-http-auth' started
